

Version:	3.7
CmdLine:	C:\Users\Vivien\Documents\Eclipse_Workspace\SpaceLab\SpaceLab51.exe --l4j-debug
WOW64:		yes
Working dir:	C:\Users\Vivien\Documents\Eclipse_Workspace\SpaceLab\.
64-bit search:	SOFTWARE\JavaSoft\Java Runtime Environment...
Check:		SOFTWARE\JavaSoft\Java Runtime Environment\1.8
Ignore:		1.8
Check:		SOFTWARE\JavaSoft\Java Runtime Environment\1.8.0_51
Check launcher:	C:\Program Files\Java\jre1.8.0_51\bin\javaw.exe (OK)
Match:		1.8.0_51
64-bit search:	SOFTWARE\JavaSoft\Java Development Kit...
Check:		SOFTWARE\JavaSoft\Java Development Kit\1.8
Ignore:		1.8
Check:		SOFTWARE\JavaSoft\Java Development Kit\1.8.0_45
Ignore:		1.8.0_45
Runtime used:	1.8.0_51 (64-bit)
Launcher:	C:\Program Files\Java\jre1.8.0_51\bin\javaw.exe
Launcher args:	-jar "C:\Users\Vivien\Documents\Eclipse_Workspace\SpaceLab\SpaceLab51.exe"
Args length:	74/32768 chars
Exit code:	0


Version:	3.7
CmdLine:	C:\Users\Vivien\Documents\Eclipse_Workspace\SpaceLab\SpaceLab51.exe --l4j-debug
WOW64:		yes
Working dir:	C:\Users\Vivien\Documents\Eclipse_Workspace\SpaceLab\.
64-bit search:	SOFTWARE\JavaSoft\Java Runtime Environment...
Check:		SOFTWARE\JavaSoft\Java Runtime Environment\1.8
Ignore:		1.8
Check:		SOFTWARE\JavaSoft\Java Runtime Environment\1.8.0_51
Check launcher:	C:\Program Files\Java\jre1.8.0_51\bin\javaw.exe (OK)
Match:		1.8.0_51
64-bit search:	SOFTWARE\JavaSoft\Java Development Kit...
Check:		SOFTWARE\JavaSoft\Java Development Kit\1.8
Ignore:		1.8
Check:		SOFTWARE\JavaSoft\Java Development Kit\1.8.0_45
Ignore:		1.8.0_45
Runtime used:	1.8.0_51 (64-bit)
Launcher:	C:\Program Files\Java\jre1.8.0_51\bin\javaw.exe
Launcher args:	-jar "C:\Users\Vivien\Documents\Eclipse_Workspace\SpaceLab\SpaceLab51.exe"
Args length:	74/32768 chars
Exit code:	0


Version:	3.7
CmdLine:	C:\Users\Vivien\Documents\Eclipse_Workspace\SpaceLab\SpaceLab51.exe --l4j-debug
WOW64:		yes
Working dir:	C:\Users\Vivien\Documents\Eclipse_Workspace\SpaceLab\.
64-bit search:	SOFTWARE\JavaSoft\Java Runtime Environment...
Check:		SOFTWARE\JavaSoft\Java Runtime Environment\1.8
Ignore:		1.8
Check:		SOFTWARE\JavaSoft\Java Runtime Environment\1.8.0_51
Check launcher:	C:\Program Files\Java\jre1.8.0_51\bin\javaw.exe (OK)
Match:		1.8.0_51
64-bit search:	SOFTWARE\JavaSoft\Java Development Kit...
Check:		SOFTWARE\JavaSoft\Java Development Kit\1.8
Ignore:		1.8
Check:		SOFTWARE\JavaSoft\Java Development Kit\1.8.0_45
Ignore:		1.8.0_45
Runtime used:	1.8.0_51 (64-bit)
Launcher:	C:\Program Files\Java\jre1.8.0_51\bin\javaw.exe
Launcher args:	-jar "C:\Users\Vivien\Documents\Eclipse_Workspace\SpaceLab\SpaceLab51.exe"
Args length:	74/32768 chars
Exit code:	0


Version:	3.7
CmdLine:	C:\Users\Vivien\Documents\Eclipse_Workspace\SpaceLab\SpaceLab51.exe --l4j-debug
WOW64:		yes
Working dir:	C:\Users\Vivien\Documents\Eclipse_Workspace\SpaceLab\.
64-bit search:	SOFTWARE\JavaSoft\Java Runtime Environment...
Check:		SOFTWARE\JavaSoft\Java Runtime Environment\1.8
Ignore:		1.8
Check:		SOFTWARE\JavaSoft\Java Runtime Environment\1.8.0_51
Check launcher:	C:\Program Files\Java\jre1.8.0_51\bin\javaw.exe (OK)
Match:		1.8.0_51
64-bit search:	SOFTWARE\JavaSoft\Java Development Kit...
Check:		SOFTWARE\JavaSoft\Java Development Kit\1.8
Ignore:		1.8
Check:		SOFTWARE\JavaSoft\Java Development Kit\1.8.0_45
Ignore:		1.8.0_45
Runtime used:	1.8.0_51 (64-bit)
Launcher:	C:\Program Files\Java\jre1.8.0_51\bin\javaw.exe
Launcher args:	-jar "C:\Users\Vivien\Documents\Eclipse_Workspace\SpaceLab\SpaceLab51.exe"
Args length:	74/32768 chars
Exit code:	0


Version:	3.7
CmdLine:	C:\Users\Vivien\Documents\Eclipse_Workspace\SpaceLab\SpaceLab51.exe --l4j-debug
WOW64:		yes
Working dir:	C:\Users\Vivien\Documents\Eclipse_Workspace\SpaceLab\.
64-bit search:	SOFTWARE\JavaSoft\Java Runtime Environment...
Check:		SOFTWARE\JavaSoft\Java Runtime Environment\1.8
Ignore:		1.8
Check:		SOFTWARE\JavaSoft\Java Runtime Environment\1.8.0_51
Check launcher:	C:\Program Files\Java\jre1.8.0_51\bin\javaw.exe (OK)
Match:		1.8.0_51
64-bit search:	SOFTWARE\JavaSoft\Java Development Kit...
Check:		SOFTWARE\JavaSoft\Java Development Kit\1.8
Ignore:		1.8
Check:		SOFTWARE\JavaSoft\Java Development Kit\1.8.0_45
Ignore:		1.8.0_45
Runtime used:	1.8.0_51 (64-bit)
Launcher:	C:\Program Files\Java\jre1.8.0_51\bin\javaw.exe
Launcher args:	-jar "C:\Users\Vivien\Documents\Eclipse_Workspace\SpaceLab\SpaceLab51.exe"
Args length:	74/32768 chars
Exit code:	0
